#
# A fatal error has been detected by the Java Runtime Environment:
#
#  EXCEPTION_ACCESS_VIOLATION (0xc0000005) at pc=0x00007ff95fc53f84, pid=7732, tid=0x0000000000002a50
#
# JRE version: Java(TM) SE Runtime Environment (8.0_261-b12) (build 1.8.0_261-b12)
# Java VM: Java HotSpot(TM) 64-Bit Server VM (25.261-b12 mixed mode windows-amd64 compressed oops)
# Problematic frame:
# C  [java.dll+0x3f84]
#
# Failed to write core dump. Minidumps are not enabled by default on client versions of Windows
#
# If you would like to submit a bug report, please visit:
#   http://bugreport.java.com/bugreport/crash.jsp
# The crash happened outside the Java Virtual Machine in native code.
# See problematic frame for where to report the bug.
#

---------------  T H R E A D  ---------------

Current thread (0x000001af472ad000):  JavaThread "JavaFX Application Thread" [_thread_in_native, id=10832, stack(0x000000221d300000,0x000000221d400000)]

siginfo: ExceptionCode=0xc0000005, reading address 0xffffffffffffffff

Registers:
RAX=0x000001af47274180, RBX=0x000001af433105a8, RCX=0x0000000000000d00, RDX=0x000001af47274180
RSP=0x000000221d3fb4b0, RBP=0x000000221d3fb540, RSI=0x0000000000000030, RDI=0x0000000000000014
R8 =0x0000000000000001, R9 =0x00000007431af7c8, R10=0x00007ff95fc53f80, R11=0x000001af2622fad8
R12=0x0000000000000000, R13=0x000000221d3fb558, R14=0x000000221d3fb5c8, R15=0x000001af472ad000
RIP=0x00007ff95fc53f84, EFLAGS=0x0000000000010202

Top of Stack: (sp=0x000000221d3fb4b0)
0x000000221d3fb4b0:   000001af472ad000 0000000000000000
0x000000221d3fb4c0:   000001af25f57dc0 0000000000000000
0x000000221d3fb4d0:   000000221d3fb5c8 000001af2622fbd0
0x000000221d3fb4e0:   000001af433105a8 000000221d3fb540
0x000000221d3fb4f0:   0000000000000030 0000000000000014
0x000000221d3fb500:   0000000743adf530 000001af52cb0fb0
0x000000221d3fb510:   0000000000000000 000000221d3fb538
0x000000221d3fb520:   000000221d3fb588 000001af25f57dc0
0x000000221d3fb530:   000000000000002d 0000000743adeaa0
0x000000221d3fb540:   000000221d3fb5a8 000001af25f58100
0x000000221d3fb550:   000001af25f58100 0000000743adf530
0x000000221d3fb560:   00000007431af7c8 000000221d3fb568
0x000000221d3fb570:   000001af52cb95a0 000000221d3fb5c8
0x000000221d3fb580:   000001af52cb97f8 0000000000000000
0x000000221d3fb590:   000001af52cb95f0 000000221d3fb558
0x000000221d3fb5a0:   000000221d3fb5c0 000000221d3fb610 

Instructions: (pc=0x00007ff95fc53f84)
0x00007ff95fc53f64:   8b d0 4c 8b 4c 24 28 4c 8b c0 e9 4a c7 00 00 cc
0x00007ff95fc53f74:   41 8b c8 33 d2 45 33 c0 49 ff e1 cc 48 83 ec 28
0x00007ff95fc53f84:   48 85 d2 75 0c e8 32 b7 00 00 33 c0 48 83 c4 28
0x00007ff95fc53f94:   c3 48 8b 01 48 83 c4 28 48 ff a0 f8 00 00 00 cc 


Register to memory mapping:

RAX=0x000001af47274180 is an unknown value
RBX={method} {0x000001af433105b0} 'getClass' '()Ljava/lang/Class;' in 'java/lang/Object'
RCX=0x0000000000000d00 is an unknown value
RDX=0x000001af47274180 is an unknown value
RSP=0x000000221d3fb4b0 is pointing into the stack for thread: 0x000001af472ad000
RBP=0x000000221d3fb540 is pointing into the stack for thread: 0x000001af472ad000
RSI=0x0000000000000030 is an unknown value
RDI=0x0000000000000014 is an unknown value
R8 =0x0000000000000001 is an unknown value
R9 =0x00000007431af7c8 is an oop
java.lang.Class 
 - klass: 'java/lang/Class'
R10=0x00007ff95fc53f80 is an unknown value
R11=0x000001af2622fad8 is at entry_point+24 in (nmethod*)0x000001af2622f950
R12=0x0000000000000000 is an unknown value
R13=0x000000221d3fb558 is pointing into the stack for thread: 0x000001af472ad000
R14=0x000000221d3fb5c8 is pointing into the stack for thread: 0x000001af472ad000
R15=0x000001af472ad000 is a thread


Stack: [0x000000221d300000,0x000000221d400000],  sp=0x000000221d3fb4b0,  free space=1005k
Native frames: (J=compiled Java code, j=interpreted, Vv=VM code, C=native code)
C  [java.dll+0x3f84]
C  0x000001af2622fbd0

Java frames: (J=compiled Java code, j=interpreted, Vv=VM code)
J 104  java.lang.Object.getClass()Ljava/lang/Class; (0 bytes) @ 0x000001af2622fafb [0x000001af2622fac0+0x3b]
j  com.sun.javafx.css.parser.Token.equals(Ljava/lang/Object;)Z+16
j  com.sun.javafx.css.parser.CSSLexer.nextToken()Lcom/sun/javafx/css/parser/Token;+46
j  com.sun.javafx.css.parser.CSSParser.simpleSelector(Lcom/sun/javafx/css/parser/CSSLexer;)Lcom/sun/javafx/css/SimpleSelector;+448
j  com.sun.javafx.css.parser.CSSParser.selector(Lcom/sun/javafx/css/parser/CSSLexer;)Lcom/sun/javafx/css/Selector;+6
j  com.sun.javafx.css.parser.CSSParser.selectors(Lcom/sun/javafx/css/parser/CSSLexer;)Ljava/util/List;+10
j  com.sun.javafx.css.parser.CSSParser.parse(Lcom/sun/javafx/css/Stylesheet;Lcom/sun/javafx/css/parser/CSSLexer;)V+489
j  com.sun.javafx.css.parser.CSSParser.parse(Lcom/sun/javafx/css/Stylesheet;Ljava/io/Reader;)V+16
j  com.sun.javafx.css.parser.CSSParser.parse(Ljava/lang/String;)Lcom/sun/javafx/css/Stylesheet;+45
j  com.sun.javafx.css.StyleManager$CacheContainer.getInlineStyleSelector(Ljava/lang/String;)Lcom/sun/javafx/css/Selector;+99
j  com.sun.javafx.css.StyleManager$CacheContainer.access$900(Lcom/sun/javafx/css/StyleManager$CacheContainer;Ljava/lang/String;)Lcom/sun/javafx/css/Selector;+2
j  com.sun.javafx.css.StyleManager$Cache.getStyleMap(Lcom/sun/javafx/css/StyleManager$CacheContainer;Ljavafx/scene/Node;[Ljava/util/Set;Z)Lcom/sun/javafx/css/StyleMap;+230
j  com.sun.javafx.css.StyleManager$Cache.access$600(Lcom/sun/javafx/css/StyleManager$Cache;Lcom/sun/javafx/css/StyleManager$CacheContainer;Ljavafx/scene/Node;[Ljava/util/Set;Z)Lcom/sun/javafx/css/StyleMap;+6
j  com.sun.javafx.css.StyleManager.findMatchingStyles(Ljavafx/scene/Node;Ljavafx/scene/SubScene;[Ljava/util/Set;)Lcom/sun/javafx/css/StyleMap;+1241
j  javafx.scene.CssStyleHelper.createStyleHelper(Ljavafx/scene/Node;)Ljavafx/scene/CssStyleHelper;+35
j  javafx.scene.Node.reapplyCss()V+14
j  javafx.scene.Node.impl_processCSS(Ljavafx/beans/value/WritableValue;)V+22
j  javafx.scene.Parent.impl_processCSS(Ljavafx/beans/value/WritableValue;)V+28
j  javafx.scene.Node.processCSS()V+100
j  javafx.scene.Scene.doCSSPass()V+23
j  javafx.scene.Scene.preferredSize()V+6
j  javafx.scene.Scene.impl_preferredSize()V+1
j  javafx.stage.Window$9.invalidated()V+243
j  javafx.beans.property.BooleanPropertyBase.markInvalid()V+13
j  javafx.beans.property.BooleanPropertyBase.set(Z)V+106
j  javafx.stage.Window.setShowing(Z)V+11
j  javafx.stage.Window.show()V+2
j  javafx.stage.Stage.show()V+1
j  javafx.stage.Stage.showAndWait()V+81
j  sample.Controller.lambda$initialize$1(Ljavafx/event/ActionEvent;)V+87
j  sample.Controller$$Lambda$80.handle(Ljavafx/event/Event;)V+8
j  com.sun.javafx.event.CompositeEventHandler.dispatchBubblingEvent(Ljavafx/event/Event;)V+51
J 1424 C1 com.sun.javafx.event.EventHandlerManager.dispatchBubblingEvent(Ljavafx/event/Event;)Ljavafx/event/Event; (23 bytes) @ 0x000001af265c34e4 [0x000001af265c2e60+0x684]
J 1423 C1 com.sun.javafx.event.CompositeEventDispatcher.dispatchBubblingEvent(Ljavafx/event/Event;)Ljavafx/event/Event; (35 bytes) @ 0x000001af265c0d5c [0x000001af265c0ba0+0x1bc]
J 1419 C1 com.sun.javafx.event.BasicEventDispatcher.dispatchEvent(Ljavafx/event/Event;Ljavafx/event/EventDispatchChain;)Ljavafx/event/Event; (44 bytes) @ 0x000001af265c28bc [0x000001af265c2580+0x33c]
J 1372 C1 com.sun.javafx.event.EventDispatchChainImpl.dispatchEvent(Ljavafx/event/Event;)Ljavafx/event/Event; (101 bytes) @ 0x000001af265ac07c [0x000001af265abec0+0x1bc]
J 1419 C1 com.sun.javafx.event.BasicEventDispatcher.dispatchEvent(Ljavafx/event/Event;Ljavafx/event/EventDispatchChain;)Ljavafx/event/Event; (44 bytes) @ 0x000001af265c27d4 [0x000001af265c2580+0x254]
J 1372 C1 com.sun.javafx.event.EventDispatchChainImpl.dispatchEvent(Ljavafx/event/Event;)Ljavafx/event/Event; (101 bytes) @ 0x000001af265ac07c [0x000001af265abec0+0x1bc]
J 1419 C1 com.sun.javafx.event.BasicEventDispatcher.dispatchEvent(Ljavafx/event/Event;Ljavafx/event/EventDispatchChain;)Ljavafx/event/Event; (44 bytes) @ 0x000001af265c27d4 [0x000001af265c2580+0x254]
J 1372 C1 com.sun.javafx.event.EventDispatchChainImpl.dispatchEvent(Ljavafx/event/Event;)Ljavafx/event/Event; (101 bytes) @ 0x000001af265ac07c [0x000001af265abec0+0x1bc]
J 1488 C1 com.sun.javafx.event.EventUtil.fireEvent(Ljavafx/event/EventTarget;Ljavafx/event/Event;)Ljavafx/event/Event; (81 bytes) @ 0x000001af265e1adc [0x000001af265e0ee0+0xbfc]
J 1487 C1 javafx.event.Event.fireEvent(Ljavafx/event/EventTarget;Ljavafx/event/Event;)V (35 bytes) @ 0x000001af265de92c [0x000001af265de860+0xcc]
j  javafx.scene.Node.fireEvent(Ljavafx/event/Event;)V+86
j  javafx.scene.control.Button.fire()V+15
j  com.sun.javafx.scene.control.behavior.ButtonBehavior.mouseReleased(Ljavafx/scene/input/MouseEvent;)V+23
j  com.sun.javafx.scene.control.skin.BehaviorSkinBase$1.handle(Ljavafx/scene/input/MouseEvent;)V+83
j  com.sun.javafx.scene.control.skin.BehaviorSkinBase$1.handle(Ljavafx/event/Event;)V+5
j  com.sun.javafx.event.CompositeEventHandler$NormalEventHandlerRecord.handleBubblingEvent(Ljavafx/event/Event;)V+5
j  com.sun.javafx.event.CompositeEventHandler.dispatchBubblingEvent(Ljavafx/event/Event;)V+28
J 1424 C1 com.sun.javafx.event.EventHandlerManager.dispatchBubblingEvent(Ljavafx/event/Event;)Ljavafx/event/Event; (23 bytes) @ 0x000001af265c34e4 [0x000001af265c2e60+0x684]
J 1423 C1 com.sun.javafx.event.CompositeEventDispatcher.dispatchBubblingEvent(Ljavafx/event/Event;)Ljavafx/event/Event; (35 bytes) @ 0x000001af265c0d5c [0x000001af265c0ba0+0x1bc]
J 1419 C1 com.sun.javafx.event.BasicEventDispatcher.dispatchEvent(Ljavafx/event/Event;Ljavafx/event/EventDispatchChain;)Ljavafx/event/Event; (44 bytes) @ 0x000001af265c28bc [0x000001af265c2580+0x33c]
J 1372 C1 com.sun.javafx.event.EventDispatchChainImpl.dispatchEvent(Ljavafx/event/Event;)Ljavafx/event/Event; (101 bytes) @ 0x000001af265ac07c [0x000001af265abec0+0x1bc]
J 1419 C1 com.sun.javafx.event.BasicEventDispatcher.dispatchEvent(Ljavafx/event/Event;Ljavafx/event/EventDispatchChain;)Ljavafx/event/Event; (44 bytes) @ 0x000001af265c27d4 [0x000001af265c2580+0x254]
J 1372 C1 com.sun.javafx.event.EventDispatchChainImpl.dispatchEvent(Ljavafx/event/Event;)Ljavafx/event/Event; (101 bytes) @ 0x000001af265ac07c [0x000001af265abec0+0x1bc]
J 1419 C1 com.sun.javafx.event.BasicEventDispatcher.dispatchEvent(Ljavafx/event/Event;Ljavafx/event/EventDispatchChain;)Ljavafx/event/Event; (44 bytes) @ 0x000001af265c27d4 [0x000001af265c2580+0x254]
J 1372 C1 com.sun.javafx.event.EventDispatchChainImpl.dispatchEvent(Ljavafx/event/Event;)Ljavafx/event/Event; (101 bytes) @ 0x000001af265ac07c [0x000001af265abec0+0x1bc]
J 1488 C1 com.sun.javafx.event.EventUtil.fireEvent(Ljavafx/event/EventTarget;Ljavafx/event/Event;)Ljavafx/event/Event; (81 bytes) @ 0x000001af265e1624 [0x000001af265e0ee0+0x744]
J 1502 C1 javafx.scene.Scene$MouseHandler.process(Ljavafx/scene/input/MouseEvent;Z)V (735 bytes) @ 0x000001af265f7cfc [0x000001af265f5240+0x2abc]
J 1501 C1 javafx.scene.Scene$MouseHandler.access$1500(Ljavafx/scene/Scene$MouseHandler;Ljavafx/scene/input/MouseEvent;Z)V (7 bytes) @ 0x000001af265ebe5c [0x000001af265ebe00+0x5c]
j  javafx.scene.Scene.impl_processMouseEvent(Ljavafx/scene/input/MouseEvent;)V+6
j  javafx.scene.Scene$ScenePeerListener.mouseEvent(Ljavafx/event/EventType;DDDDLjavafx/scene/input/MouseButton;ZZZZZZZZZ)V+46
J 1520 C1 com.sun.javafx.tk.quantum.GlassViewEventHandler$MouseEventNotification.run()Ljava/lang/Void; (624 bytes) @ 0x000001af26601724 [0x000001af26600680+0x10a4]
J 1519 C1 com.sun.javafx.tk.quantum.GlassViewEventHandler$MouseEventNotification.run()Ljava/lang/Object; (5 bytes) @ 0x000001af265fcdcc [0x000001af265fcd40+0x8c]
v  ~StubRoutines::call_stub
J 1406  java.security.AccessController.doPrivileged(Ljava/security/PrivilegedAction;Ljava/security/AccessControlContext;)Ljava/lang/Object; (0 bytes) @ 0x000001af265bada6 [0x000001af265bad40+0x66]
J 1517 C1 com.sun.javafx.tk.quantum.GlassViewEventHandler$$Lambda$179.get()Ljava/lang/Object; (8 bytes) @ 0x000001af265fda8c [0x000001af265fd8a0+0x1ec]
J 1472 C1 com.sun.javafx.tk.quantum.QuantumToolkit.runWithoutRenderLock(Ljava/util/function/Supplier;)Ljava/lang/Object; (49 bytes) @ 0x000001af265d9c24 [0x000001af265d96e0+0x544]
J 1514 C1 com.sun.javafx.tk.quantum.GlassViewEventHandler.handleMouseEvent(Lcom/sun/glass/ui/View;JIIIIIIIZZ)V (108 bytes) @ 0x000001af265fc624 [0x000001af265fc200+0x424]
J 1511 C1 com.sun.glass.ui.View.notifyMouse(IIIIIIIZZ)V (221 bytes) @ 0x000001af265ff364 [0x000001af265fe260+0x1104]
v  ~StubRoutines::call_stub
j  com.sun.glass.ui.win.WinApplication._runLoop(Ljava/lang/Runnable;)V+0
j  com.sun.glass.ui.win.WinApplication.lambda$null$4(ILjava/lang/Runnable;)V+8
j  com.sun.glass.ui.win.WinApplication$$Lambda$38.run()V+12
j  java.lang.Thread.run()V+11
v  ~StubRoutines::call_stub

---------------  P R O C E S S  ---------------

Java Threads: ( => current thread )
  0x000001af4e50f000 JavaThread "Prism Font Disposer" daemon [_thread_blocked, id=6152, stack(0x000000221da90000,0x000000221db90000)]
  0x000001af477dd800 JavaThread "Thread-3" daemon [_thread_in_native, id=4468, stack(0x000000221d590000,0x000000221d690000)]
  0x000001af477d6000 JavaThread "JavaFX-Launcher" [_thread_blocked, id=5484, stack(0x000000221d690000,0x000000221d790000)]
=>0x000001af472ad000 JavaThread "JavaFX Application Thread" [_thread_in_native, id=10832, stack(0x000000221d300000,0x000000221d400000)]
  0x000001af472a9800 JavaThread "Thread-1" daemon [_thread_blocked, id=15060, stack(0x000000221d200000,0x000000221d300000)]
  0x000001af47262000 JavaThread "QuantumRenderer-0" daemon [_thread_blocked, id=2832, stack(0x000000221d000000,0x000000221d100000)]
  0x000001af46cda800 JavaThread "Service Thread" daemon [_thread_blocked, id=12524, stack(0x000000221ce00000,0x000000221cf00000)]
  0x000001af46bcb800 JavaThread "C1 CompilerThread11" daemon [_thread_blocked, id=476, stack(0x000000221cd00000,0x000000221ce00000)]
  0x000001af46bcc800 JavaThread "C1 CompilerThread10" daemon [_thread_blocked, id=10124, stack(0x000000221cc00000,0x000000221cd00000)]
  0x000001af46bc6800 JavaThread "C1 CompilerThread9" daemon [_thread_blocked, id=13280, stack(0x000000221cb00000,0x000000221cc00000)]
  0x000001af46bc7000 JavaThread "C1 CompilerThread8" daemon [_thread_blocked, id=2368, stack(0x000000221ca00000,0x000000221cb00000)]
  0x000001af46bcb000 JavaThread "C2 CompilerThread7" daemon [_thread_blocked, id=9852, stack(0x000000221c900000,0x000000221ca00000)]
  0x000001af46bca000 JavaThread "C2 CompilerThread6" daemon [_thread_blocked, id=9764, stack(0x000000221c800000,0x000000221c900000)]
  0x000001af46bc8800 JavaThread "C2 CompilerThread5" daemon [_thread_blocked, id=1188, stack(0x000000221c700000,0x000000221c800000)]
  0x000001af46bc9800 JavaThread "C2 CompilerThread4" daemon [_thread_blocked, id=11356, stack(0x000000221c600000,0x000000221c700000)]
  0x000001af46bb4800 JavaThread "C2 CompilerThread3" daemon [_thread_blocked, id=4668, stack(0x000000221c500000,0x000000221c600000)]
  0x000001af46bb3000 JavaThread "C2 CompilerThread2" daemon [_thread_blocked, id=16832, stack(0x000000221c400000,0x000000221c500000)]
  0x000001af46b53000 JavaThread "C2 CompilerThread1" daemon [_thread_blocked, id=8888, stack(0x000000221c300000,0x000000221c400000)]
  0x000001af46b4b800 JavaThread "C2 CompilerThread0" daemon [_thread_blocked, id=2140, stack(0x000000221c200000,0x000000221c300000)]
  0x000001af46b49000 JavaThread "Monitor Ctrl-Break" daemon [_thread_in_native, id=13884, stack(0x000000221c100000,0x000000221c200000)]
  0x000001af46b08000 JavaThread "Attach Listener" daemon [_thread_blocked, id=9480, stack(0x000000221c000000,0x000000221c100000)]
  0x000001af46b06000 JavaThread "Signal Dispatcher" daemon [_thread_blocked, id=9280, stack(0x000000221bf00000,0x000000221c000000)]
  0x000001af46af0800 JavaThread "Finalizer" daemon [_thread_blocked, id=17068, stack(0x000000221be00000,0x000000221bf00000)]
  0x000001af43df3000 JavaThread "Reference Handler" daemon [_thread_blocked, id=15604, stack(0x000000221bd00000,0x000000221be00000)]
  0x000001af244a9000 JavaThread "main" [_thread_blocked, id=14452, stack(0x000000221ae00000,0x000000221af00000)]

Other Threads:
  0x000001af43de9000 VMThread [stack: 0x000000221bc00000,0x000000221bd00000] [id=3520]
  0x000001af46cdb800 WatcherThread [stack: 0x000000221cf00000,0x000000221d000000] [id=10540]

VM state:not at safepoint (normal execution)

VM Mutex/Monitor currently owned by a thread: None

heap address: 0x0000000641000000, size: 6128 MB, Compressed Oops mode: Zero based, Oop shift amount: 3
Narrow klass base: 0x0000000000000000, Narrow klass shift: 3
Compressed class space size: 1073741824 Address: 0x00000007c0000000

Heap:
 PSYoungGen      total 114688K, used 63184K [0x0000000740580000, 0x0000000748580000, 0x00000007c0000000)
  eden space 98304K, 64% used [0x0000000740580000,0x0000000744334280,0x0000000746580000)
  from space 16384K, 0% used [0x0000000747580000,0x0000000747580000,0x0000000748580000)
  to   space 16384K, 0% used [0x0000000746580000,0x0000000746580000,0x0000000747580000)
 ParOldGen       total 262144K, used 0K [0x0000000641000000, 0x0000000651000000, 0x0000000740580000)
  object space 262144K, 0% used [0x0000000641000000,0x0000000641000000,0x0000000651000000)
 Metaspace       used 16358K, capacity 17080K, committed 17408K, reserved 1064960K
  class space    used 2303K, capacity 2494K, committed 2560K, reserved 1048576K

Card table byte_map: [0x000001af35310000,0x000001af35f10000] byte_map_base: 0x000001af32108000

Marking Bits: (ParMarkBitMap*) 0x000000005ea04fb0
 Begin Bits: [0x000001af36710000, 0x000001af3c6d0000)
 End Bits:   [0x000001af3c6d0000, 0x000001af42690000)

Polling page: 0x000001af24460000

CodeCache: size=245760Kb used=7020Kb max_used=7040Kb free=238739Kb
 bounds [0x000001af25f50000, 0x000001af26640000, 0x000001af34f50000]
 total_blobs=2259 nmethods=1622 adapters=547
 compilation: enabled

Compilation events (10 events):
Event: 2.084 Thread 0x000001af46bc6800 nmethod 1617 0x000001af266288d0 code [0x000001af26628a40, 0x000001af26628f18]
Event: 2.084 Thread 0x000001af46bca000 nmethod 1616 0x000001af2660ca50 code [0x000001af2660cb80, 0x000001af2660cbf8]
Event: 2.084 Thread 0x000001af46b53000 1619       4       com.sun.javafx.css.BitSet::containsAll (103 bytes)
Event: 2.084 Thread 0x000001af46bc8800 1620       4       com.sun.javafx.css.StyleClassSet::containsAll (6 bytes)
Event: 2.085 Thread 0x000001af46b4b800 1621       4       java.util.HashMap$ValueIterator::next (8 bytes)
Event: 2.086 Thread 0x000001af46bc8800 nmethod 1620 0x000001af26631450 code [0x000001af266315a0, 0x000001af26631718]
Event: 2.086 Thread 0x000001af46b53000 nmethod 1619 0x000001af2662f710 code [0x000001af2662f860, 0x000001af2662fa18]
Event: 2.087 Thread 0x000001af46b4b800 nmethod 1621 0x000001af2662d950 code [0x000001af2662daa0, 0x000001af2662dc98]
Event: 2.092 Thread 0x000001af46bc7000 1622       1       com.sun.javafx.css.parser.Token::getType (5 bytes)
Event: 2.092 Thread 0x000001af46bc7000 nmethod 1622 0x000001af26631190 code [0x000001af266312e0, 0x000001af266313f8]

GC Heap History (0 events):
No events

Deoptimization events (10 events):
Event: 0.844 Thread 0x000001af472ad000 Uncommon trap: reason=class_check action=maybe_recompile pc=0x000001af263c3128 method=java.io.DataInputStream.readShort()S @ 4
Event: 0.844 Thread 0x000001af472ad000 Uncommon trap: reason=class_check action=maybe_recompile pc=0x000001af263c3128 method=java.io.DataInputStream.readShort()S @ 4
Event: 0.848 Thread 0x000001af472ad000 Uncommon trap: reason=class_check action=maybe_recompile pc=0x000001af262b0a00 method=java.lang.String.equals(Ljava/lang/Object;)Z @ 8
Event: 0.848 Thread 0x000001af472ad000 Uncommon trap: reason=class_check action=maybe_recompile pc=0x000001af262b0a00 method=java.lang.String.equals(Ljava/lang/Object;)Z @ 8
Event: 0.848 Thread 0x000001af472ad000 Uncommon trap: reason=class_check action=maybe_recompile pc=0x000001af262b0a00 method=java.lang.String.equals(Ljava/lang/Object;)Z @ 8
Event: 0.850 Thread 0x000001af472ad000 Uncommon trap: reason=class_check action=maybe_recompile pc=0x000001af262b0a00 method=java.lang.String.equals(Ljava/lang/Object;)Z @ 8
Event: 0.902 Thread 0x000001af472ad000 Uncommon trap: reason=unstable_if action=reinterpret pc=0x000001af264af8fc method=java.lang.String.regionMatches(ZILjava/lang/String;II)Z @ 123
Event: 0.930 Thread 0x000001af472ad000 Uncommon trap: reason=unstable_if action=reinterpret pc=0x000001af264709dc method=sun.net.www.ParseUtil.encodePath(Ljava/lang/String;Z)Ljava/lang/String; @ 109
Event: 0.953 Thread 0x000001af472ad000 Uncommon trap: reason=predicate action=maybe_recompile pc=0x000001af26431a8c method=java.util.ArrayList.indexOf(Ljava/lang/Object;)I @ 44
Event: 0.979 Thread 0x000001af472ad000 Uncommon trap: reason=unstable_if action=reinterpret pc=0x000001af264eae28 method=jdk.internal.org.objectweb.asm.Type.getArgumentsAndReturnSizes(Ljava/lang/String;)I @ 47

Classes redefined (0 events):
No events

Internal exceptions (10 events):
Event: 0.146 Thread 0x000001af244a9000 Exception <a 'java/security/PrivilegedActionException'> (0x000000074107f758) thrown at [C:\jenkins\workspace\8-2-build-windows-amd64-cygwin\jdk8u261\295\hotspot\src\share\vm\prims\jvm.cpp, line 1512]
Event: 0.146 Thread 0x000001af244a9000 Exception <a 'java/lang/NullPointerException'> (0x0000000741080160) thrown at [C:\jenkins\workspace\8-2-build-windows-amd64-cygwin\jdk8u261\295\hotspot\src\share\vm\interpreter\linkResolver.cpp, line 1185]
Event: 0.159 Thread 0x000001af244a9000 Implicit null exception at 0x000001af262206d5 to 0x000001af262208a5
Event: 0.467 Thread 0x000001af472ad000 Exception <a 'java/lang/NullPointerException'> (0x00000007423b94f8) thrown at [C:\jenkins\workspace\8-2-build-windows-amd64-cygwin\jdk8u261\295\hotspot\src\share\vm\interpreter\linkResolver.cpp, line 1185]
Event: 0.467 Thread 0x000001af472ad000 Exception <a 'java/lang/NullPointerException'> (0x00000007423b94f8) thrown at [C:\jenkins\workspace\8-2-build-windows-amd64-cygwin\jdk8u261\295\hotspot\src\share\vm\prims\jvm.cpp, line 1516]
Event: 0.681 Thread 0x000001af472ad000 Exception <a 'java/lang/ArrayIndexOutOfBoundsException': 58> (0x0000000742d378e0) thrown at [C:\jenkins\workspace\8-2-build-windows-amd64-cygwin\jdk8u261\295\hotspot\src\share\vm\interpreter\interpreterRuntime.cpp, line 368]
Event: 0.681 Thread 0x000001af472ad000 Exception <a 'java/lang/ArrayIndexOutOfBoundsException': 18> (0x0000000742d3c750) thrown at [C:\jenkins\workspace\8-2-build-windows-amd64-cygwin\jdk8u261\295\hotspot\src\share\vm\interpreter\interpreterRuntime.cpp, line 368]
Event: 0.682 Thread 0x000001af472ad000 Exception <a 'java/lang/ArrayIndexOutOfBoundsException': 86> (0x0000000742d3e5f8) thrown at [C:\jenkins\workspace\8-2-build-windows-amd64-cygwin\jdk8u261\295\hotspot\src\share\vm\interpreter\interpreterRuntime.cpp, line 368]
Event: 0.730 Thread 0x000001af472ad000 Implicit null exception at 0x000001af263dceb5 to 0x000001af263dd0ad
Event: 0.730 Thread 0x000001af472ad000 Implicit null exception at 0x000001af2644ccd8 to 0x000001af2644cd66

Events (10 events):
Event: 2.083 loading class java/sql/SQLException
Event: 2.083 loading class java/sql/SQLException done
Event: 2.083 loading class javafx/event/Event
Event: 2.083 loading class javafx/event/Event done
Event: 2.083 loading class sample/DataBaseHandler
Event: 2.083 loading class sample/DataBaseHandler done
Event: 2.083 loading class javafx/event/ActionEvent
Event: 2.083 loading class javafx/event/ActionEvent done
Event: 2.083 loading class sample/SignUpController
Event: 2.083 loading class sample/SignUpController done


Dynamic libraries:
0x00007ff6aa160000 - 0x00007ff6aa1a7000 	C:\Program Files\Java\jdk1.8.0_261\bin\java.exe
0x00007ff967030000 - 0x00007ff967225000 	C:\Windows\SYSTEM32\ntdll.dll
0x00007ff965220000 - 0x00007ff9652de000 	C:\Windows\System32\KERNEL32.DLL
0x00007ff964780000 - 0x00007ff964a49000 	C:\Windows\System32\KERNELBASE.dll
0x00007ff966050000 - 0x00007ff9660fc000 	C:\Windows\System32\ADVAPI32.dll
0x00007ff9654f0000 - 0x00007ff96558e000 	C:\Windows\System32\msvcrt.dll
0x00007ff9662c0000 - 0x00007ff96635b000 	C:\Windows\System32\sechost.dll
0x00007ff965080000 - 0x00007ff9651aa000 	C:\Windows\System32\RPCRT4.dll
0x00007ff966a50000 - 0x00007ff966bf1000 	C:\Windows\System32\USER32.dll
0x00007ff964fb0000 - 0x00007ff964fd2000 	C:\Windows\System32\win32u.dll
0x00007ff966a20000 - 0x00007ff966a4b000 	C:\Windows\System32\GDI32.dll
0x00007ff964c60000 - 0x00007ff964d6b000 	C:\Windows\System32\gdi32full.dll
0x00007ff964fe0000 - 0x00007ff96507d000 	C:\Windows\System32\msvcp_win.dll
0x00007ff964dc0000 - 0x00007ff964ec0000 	C:\Windows\System32\ucrtbase.dll
0x00007ff956830000 - 0x00007ff956aca000 	C:\Windows\WinSxS\amd64_microsoft.windows.common-controls_6595b64144ccf1df_6.0.19041.1110_none_60b5254171f9507e\COMCTL32.dll
0x00007ff965740000 - 0x00007ff965770000 	C:\Windows\System32\IMM32.DLL
0x00007ff95fef0000 - 0x00007ff95ff05000 	C:\Program Files\Java\jdk1.8.0_261\jre\bin\vcruntime140.dll
0x00007ff95bf50000 - 0x00007ff95bfeb000 	C:\Program Files\Java\jdk1.8.0_261\jre\bin\msvcp140.dll
0x000000005e210000 - 0x000000005ea7c000 	C:\Program Files\Java\jdk1.8.0_261\jre\bin\server\jvm.dll
0x00007ff9651b0000 - 0x00007ff9651b8000 	C:\Windows\System32\PSAPI.DLL
0x00007ff95a170000 - 0x00007ff95a197000 	C:\Windows\SYSTEM32\WINMM.dll
0x00007ff95be90000 - 0x00007ff95be99000 	C:\Windows\SYSTEM32\WSOCK32.dll
0x00007ff95ced0000 - 0x00007ff95ceda000 	C:\Windows\SYSTEM32\VERSION.dll
0x00007ff966100000 - 0x00007ff96616b000 	C:\Windows\System32\WS2_32.dll
0x00007ff962ff0000 - 0x00007ff963002000 	C:\Windows\SYSTEM32\kernel.appcore.dll
0x00007ff95fea0000 - 0x00007ff95feb0000 	C:\Program Files\Java\jdk1.8.0_261\jre\bin\verify.dll
0x00007ff95fc50000 - 0x00007ff95fc7b000 	C:\Program Files\Java\jdk1.8.0_261\jre\bin\java.dll
0x00007ff958b50000 - 0x00007ff958b82000 	C:\Program Files\Java\jdk1.8.0_261\jre\bin\instrument.dll
0x00007ff95bf30000 - 0x00007ff95bf48000 	C:\Program Files\Java\jdk1.8.0_261\jre\bin\zip.dll
0x00007ff965770000 - 0x00007ff965eaf000 	C:\Windows\System32\SHELL32.dll
0x00007ff962850000 - 0x00007ff962fe0000 	C:\Windows\SYSTEM32\windows.storage.dll
0x00007ff966c90000 - 0x00007ff966fe5000 	C:\Windows\System32\combase.dll
0x00007ff9641a0000 - 0x00007ff9641cc000 	C:\Windows\SYSTEM32\Wldp.dll
0x00007ff966970000 - 0x00007ff966a1e000 	C:\Windows\System32\SHCORE.dll
0x00007ff966360000 - 0x00007ff9663b5000 	C:\Windows\System32\shlwapi.dll
0x00007ff964690000 - 0x00007ff9646af000 	C:\Windows\SYSTEM32\profapi.dll
0x00007ff9581a0000 - 0x00007ff9581ba000 	C:\Program Files\JetBrains\IntelliJ IDEA Community Edition 2020.2.2\bin\breakgen64.dll
0x00007ff958180000 - 0x00007ff95819c000 	C:\Program Files\Java\jdk1.8.0_261\jre\bin\net.dll
0x00007ff963f00000 - 0x00007ff963f6a000 	C:\Windows\system32\mswsock.dll
0x000001af24760000 - 0x000001af24763000 	C:\Program Files\Java\jdk1.8.0_261\jre\bin\api-ms-win-core-console-l1-1-0.dll
0x000001af24770000 - 0x000001af24773000 	C:\Program Files\Java\jdk1.8.0_261\jre\bin\api-ms-win-core-datetime-l1-1-0.dll
0x000001af24780000 - 0x000001af24783000 	C:\Program Files\Java\jdk1.8.0_261\jre\bin\api-ms-win-core-debug-l1-1-0.dll
0x000001af24790000 - 0x000001af24793000 	C:\Program Files\Java\jdk1.8.0_261\jre\bin\api-ms-win-core-errorhandling-l1-1-0.dll
0x000001af478d0000 - 0x000001af478d4000 	C:\Program Files\Java\jdk1.8.0_261\jre\bin\api-ms-win-core-file-l1-1-0.dll
0x000001af478e0000 - 0x000001af478e3000 	C:\Program Files\Java\jdk1.8.0_261\jre\bin\api-ms-win-core-file-l1-2-0.dll
0x000001af478f0000 - 0x000001af478f3000 	C:\Program Files\Java\jdk1.8.0_261\jre\bin\api-ms-win-core-file-l2-1-0.dll
0x000001af47900000 - 0x000001af47903000 	C:\Program Files\Java\jdk1.8.0_261\jre\bin\api-ms-win-core-handle-l1-1-0.dll
0x000001af47910000 - 0x000001af47913000 	C:\Program Files\Java\jdk1.8.0_261\jre\bin\api-ms-win-core-heap-l1-1-0.dll
0x000001af47920000 - 0x000001af47923000 	C:\Program Files\Java\jdk1.8.0_261\jre\bin\api-ms-win-core-interlocked-l1-1-0.dll
0x000001af47930000 - 0x000001af47933000 	C:\Program Files\Java\jdk1.8.0_261\jre\bin\api-ms-win-core-libraryloader-l1-1-0.dll
0x000001af47940000 - 0x000001af47943000 	C:\Program Files\Java\jdk1.8.0_261\jre\bin\api-ms-win-core-localization-l1-2-0.dll
0x000001af47950000 - 0x000001af47953000 	C:\Program Files\Java\jdk1.8.0_261\jre\bin\api-ms-win-core-memory-l1-1-0.dll
0x000001af47960000 - 0x000001af47963000 	C:\Program Files\Java\jdk1.8.0_261\jre\bin\api-ms-win-core-namedpipe-l1-1-0.dll
0x000001af47970000 - 0x000001af47973000 	C:\Program Files\Java\jdk1.8.0_261\jre\bin\api-ms-win-core-processenvironment-l1-1-0.dll
0x000001af47980000 - 0x000001af47983000 	C:\Program Files\Java\jdk1.8.0_261\jre\bin\api-ms-win-core-processthreads-l1-1-0.dll
0x000001af47990000 - 0x000001af47993000 	C:\Program Files\Java\jdk1.8.0_261\jre\bin\api-ms-win-core-processthreads-l1-1-1.dll
0x000001af479a0000 - 0x000001af479a3000 	C:\Program Files\Java\jdk1.8.0_261\jre\bin\api-ms-win-core-profile-l1-1-0.dll
0x000001af479b0000 - 0x000001af479b3000 	C:\Program Files\Java\jdk1.8.0_261\jre\bin\api-ms-win-core-rtlsupport-l1-1-0.dll
0x000001af479c0000 - 0x000001af479c3000 	C:\Program Files\Java\jdk1.8.0_261\jre\bin\api-ms-win-core-string-l1-1-0.dll
0x000001af479d0000 - 0x000001af479d3000 	C:\Program Files\Java\jdk1.8.0_261\jre\bin\api-ms-win-core-synch-l1-1-0.dll
0x000001af479e0000 - 0x000001af479e3000 	C:\Program Files\Java\jdk1.8.0_261\jre\bin\api-ms-win-core-synch-l1-2-0.dll
0x000001af479f0000 - 0x000001af479f3000 	C:\Program Files\Java\jdk1.8.0_261\jre\bin\api-ms-win-core-sysinfo-l1-1-0.dll
0x000001af47a00000 - 0x000001af47a03000 	C:\Program Files\Java\jdk1.8.0_261\jre\bin\api-ms-win-core-timezone-l1-1-0.dll
0x000001af47a10000 - 0x000001af47a13000 	C:\Program Files\Java\jdk1.8.0_261\jre\bin\api-ms-win-core-util-l1-1-0.dll
0x000001af47a20000 - 0x000001af47a23000 	C:\Program Files\Java\jdk1.8.0_261\jre\bin\api-ms-win-crt-conio-l1-1-0.dll
0x000001af47a30000 - 0x000001af47a34000 	C:\Program Files\Java\jdk1.8.0_261\jre\bin\api-ms-win-crt-convert-l1-1-0.dll
0x000001af47a40000 - 0x000001af47a43000 	C:\Program Files\Java\jdk1.8.0_261\jre\bin\api-ms-win-crt-environment-l1-1-0.dll
0x000001af47a50000 - 0x000001af47a53000 	C:\Program Files\Java\jdk1.8.0_261\jre\bin\api-ms-win-crt-filesystem-l1-1-0.dll
0x000001af47a60000 - 0x000001af47a63000 	C:\Program Files\Java\jdk1.8.0_261\jre\bin\api-ms-win-crt-heap-l1-1-0.dll
0x000001af47a70000 - 0x000001af47a73000 	C:\Program Files\Java\jdk1.8.0_261\jre\bin\api-ms-win-crt-locale-l1-1-0.dll
0x000001af47a80000 - 0x000001af47a85000 	C:\Program Files\Java\jdk1.8.0_261\jre\bin\api-ms-win-crt-math-l1-1-0.dll
0x000001af47a90000 - 0x000001af47a95000 	C:\Program Files\Java\jdk1.8.0_261\jre\bin\api-ms-win-crt-multibyte-l1-1-0.dll
0x000001af47aa0000 - 0x000001af47ab0000 	C:\Program Files\Java\jdk1.8.0_261\jre\bin\api-ms-win-crt-private-l1-1-0.dll
0x000001af47ab0000 - 0x000001af47ab3000 	C:\Program Files\Java\jdk1.8.0_261\jre\bin\api-ms-win-crt-process-l1-1-0.dll
0x000001af47ac0000 - 0x000001af47ac4000 	C:\Program Files\Java\jdk1.8.0_261\jre\bin\api-ms-win-crt-runtime-l1-1-0.dll
0x000001af47ad0000 - 0x000001af47ad4000 	C:\Program Files\Java\jdk1.8.0_261\jre\bin\api-ms-win-crt-stdio-l1-1-0.dll
0x000001af47ae0000 - 0x000001af47ae4000 	C:\Program Files\Java\jdk1.8.0_261\jre\bin\api-ms-win-crt-string-l1-1-0.dll
0x000001af47af0000 - 0x000001af47af3000 	C:\Program Files\Java\jdk1.8.0_261\jre\bin\api-ms-win-crt-time-l1-1-0.dll
0x000001af47b00000 - 0x000001af47b03000 	C:\Program Files\Java\jdk1.8.0_261\jre\bin\api-ms-win-crt-utility-l1-1-0.dll
0x00007ff914270000 - 0x00007ff91436c000 	C:\Program Files\Java\jdk1.8.0_261\jre\bin\ucrtbase.dll
0x00007ff958100000 - 0x00007ff958151000 	C:\Program Files\Java\jdk1.8.0_261\jre\bin\concrt140.dll
0x00007ff9580d0000 - 0x00007ff9580f3000 	C:\Program Files\Java\jdk1.8.0_261\jre\bin\prism_d3d.dll
0x00007ff95f150000 - 0x00007ff95f31e000 	C:\Windows\system32\d3d9.dll
0x00007ff961f50000 - 0x00007ff961f7f000 	C:\Windows\SYSTEM32\dwmapi.dll
0x00007ff961910000 - 0x00007ff9619ae000 	C:\Windows\system32\uxtheme.dll
0x00007ff95a350000 - 0x00007ff95a455000 	C:\Windows\System32\DriverStore\FileRepository\nv_dispi.inf_amd64_a51067c0ac557884\nvldumdx.dll
0x00007ff964330000 - 0x00007ff964342000 	C:\Windows\SYSTEM32\msasn1.dll
0x00007ff95acd0000 - 0x00007ff95ad01000 	C:\Windows\SYSTEM32\cryptnet.dll
0x00007ff964a50000 - 0x00007ff964ba6000 	C:\Windows\System32\CRYPT32.dll
0x00007ff964110000 - 0x00007ff96411c000 	C:\Windows\SYSTEM32\cryptbase.dll
0x00007ff964f50000 - 0x00007ff964fb0000 	C:\Windows\System32\WINTRUST.DLL
0x00007ff9662a0000 - 0x00007ff9662bd000 	C:\Windows\System32\imagehlp.dll
0x00007ff9640f0000 - 0x00007ff964108000 	C:\Windows\SYSTEM32\CRYPTSP.dll
0x00007ff963810000 - 0x00007ff963844000 	C:\Windows\system32\rsaenh.dll
0x00007ff964750000 - 0x00007ff964777000 	C:\Windows\System32\bcrypt.dll
0x00007ff964ec0000 - 0x00007ff964f43000 	C:\Windows\System32\bcryptPrimitives.dll
0x00007ff8ee2c0000 - 0x00007ff8eff07000 	C:\Windows\System32\DriverStore\FileRepository\nv_dispi.inf_amd64_a51067c0ac557884\nvd3dumx.dll
0x00007ff958080000 - 0x00007ff9580c5000 	C:\Program Files\Java\jdk1.8.0_261\jre\bin\glass.dll
0x00007ff965f70000 - 0x00007ff96604a000 	C:\Windows\System32\COMDLG32.dll
0x00007ff9663c0000 - 0x00007ff9664ea000 	C:\Windows\System32\ole32.dll
0x00007ff965420000 - 0x00007ff9654ed000 	C:\Windows\System32\OLEAUT32.dll
0x00007ff965300000 - 0x00007ff965415000 	C:\Windows\System32\MSCTF.dll
0x00007ff92d680000 - 0x00007ff92d943000 	C:\Windows\system32\nvspcap64.dll
0x00007ff963440000 - 0x00007ff963473000 	C:\Windows\SYSTEM32\ntmarta.dll
0x00007ff963010000 - 0x00007ff963033000 	C:\Windows\SYSTEM32\gpapi.dll
0x00007ff95f560000 - 0x00007ff95f59b000 	C:\Windows\SYSTEM32\dxcore.dll
0x00007ff964d70000 - 0x00007ff964dbe000 	C:\Windows\System32\cfgmgr32.dll
0x00007ff9577e0000 - 0x00007ff9577f4000 	C:\Program Files\Java\jdk1.8.0_261\jre\bin\javafx_font.dll
0x00007ff955ef0000 - 0x00007ff956173000 	C:\Windows\SYSTEM32\dwrite.dll
0x00007ff966170000 - 0x00007ff966219000 	C:\Windows\System32\clbcatq.dll
0x00007ff95d8d0000 - 0x00007ff95da84000 	C:\Windows\SYSTEM32\WindowsCodecs.dll
0x00007ff94a1c0000 - 0x00007ff94a1fe000 	C:\Windows\system32\dataexchange.dll
0x00007ff9604f0000 - 0x00007ff960754000 	C:\Windows\system32\d3d11.dll
0x00007ff960d20000 - 0x00007ff960f06000 	C:\Windows\system32\dcomp.dll
0x00007ff963040000 - 0x00007ff963134000 	C:\Windows\system32\dxgi.dll
0x00007ff95db00000 - 0x00007ff95dd01000 	C:\Windows\system32\twinapi.appcore.dll
0x00007ff921a90000 - 0x00007ff921ac4000 	C:\Program Files\Common Files\Microsoft Shared\Ink\rtscom.dll
0x00007ff957cf0000 - 0x00007ff957de9000 	C:\Windows\SYSTEM32\textinputframework.dll
0x00007ff9615f0000 - 0x00007ff9616e2000 	C:\Windows\System32\CoreMessaging.dll
0x00007ff960f10000 - 0x00007ff96126e000 	C:\Windows\System32\CoreUIComponents.dll
0x00007ff95ff30000 - 0x00007ff960084000 	C:\Windows\SYSTEM32\wintypes.dll
0x00007ff957020000 - 0x00007ff957032000 	C:\Program Files\Java\jdk1.8.0_261\jre\bin\prism_common.dll
0x00007ff962390000 - 0x00007ff962574000 	C:\Windows\SYSTEM32\dbghelp.dll

VM Arguments:
jvm_args: -javaagent:C:\Program Files\JetBrains\IntelliJ IDEA Community Edition 2020.2.2\lib\idea_rt.jar=55697:C:\Program Files\JetBrains\IntelliJ IDEA Community Edition 2020.2.2\bin -Dfile.encoding=UTF-8 
java_command: sample.Main
java_class_path (initial): C:\Program Files\Java\jdk1.8.0_261\jre\lib\charsets.jar;C:\Program Files\Java\jdk1.8.0_261\jre\lib\deploy.jar;C:\Program Files\Java\jdk1.8.0_261\jre\lib\ext\access-bridge-64.jar;C:\Program Files\Java\jdk1.8.0_261\jre\lib\ext\cldrdata.jar;C:\Program Files\Java\jdk1.8.0_261\jre\lib\ext\dnsns.jar;C:\Program Files\Java\jdk1.8.0_261\jre\lib\ext\jaccess.jar;C:\Program Files\Java\jdk1.8.0_261\jre\lib\ext\jfxrt.jar;C:\Program Files\Java\jdk1.8.0_261\jre\lib\ext\localedata.jar;C:\Program Files\Java\jdk1.8.0_261\jre\lib\ext\nashorn.jar;C:\Program Files\Java\jdk1.8.0_261\jre\lib\ext\sunec.jar;C:\Program Files\Java\jdk1.8.0_261\jre\lib\ext\sunjce_provider.jar;C:\Program Files\Java\jdk1.8.0_261\jre\lib\ext\sunmscapi.jar;C:\Program Files\Java\jdk1.8.0_261\jre\lib\ext\sunpkcs11.jar;C:\Program Files\Java\jdk1.8.0_261\jre\lib\ext\zipfs.jar;C:\Program Files\Java\jdk1.8.0_261\jre\lib\javaws.jar;C:\Program Files\Java\jdk1.8.0_261\jre\lib\jce.jar;C:\Program Files\Java\jdk1.8.0_261\jre\lib\jfr.jar;C:\Program Files\Java\jdk1.8.0_261\jre\lib\jfxswt.jar;C:\Program Files\Java\jdk1.8.0_261\jre\lib\jsse.jar;C:\Program Files\Java\jdk1.8.0_261\jre\lib\management-agent.jar;C:\Program Files\Java\jdk1.8.0_261\jre\lib\plugin.jar;C:\Program Files\Java\jdk1.8.0_261\jre\lib\resources.jar;C:\Program Files\Java\jdk1.8.0_261\jre\lib\rt.jar;C:\Users\KAMILOT\IdeaProjects\restaurantLab\out\production\restaurantLab;C:\Program Files (x86)\MySQL\Connector J 8.0\mysql-connector-java-8.0.26.jar;C:\Program Files\JetBrains\IntelliJ IDEA Community Edition 2020.2.2\lib\idea_rt.jar
Launcher Type: SUN_STANDARD

Environment Variables:
PATH=C:\Program Files (x86)\Common Files\Oracle\Java\javapath;C:\Program Files (x86)\Common Files\Intel\Shared Libraries\redist\intel64_win\compiler;C:\Program Files (x86)\Common Files\Intel\Shared Libraries\redist\intel64\compiler;C:\Windows\system32;C:\Windows;C:\Windows\System32\Wbem;C:\Windows\System32\WindowsPowerShell\v1.0\;C:\Windows\System32\OpenSSH\;C:\Program Files (x86)\NVIDIA Corporation\PhysX\Common;C:\Program Files\NVIDIA Corporation\NVIDIA NvDLISR;C:\Program Files\Git\cmd;C:\Program Files (x86)\QuickTime\QTSystem\;C:\Terraform;C:\ProgramData\chocolatey\bin;C:\Program Files\Amazon\AWSCLIV2\;C:\Program Files\nodejs\;C:\Program Files\Microchip\xc8\v2.31\bin;C:\Program Files\dotnet\;C:\Users\KAMILOT\AppData\Local\Microsoft\WindowsApps;C:\terraform;C:\Users\KAMILOT\AppData\Roaming\npm;C:\Users\KAMILOT\AppData\Local\Programs\Microsoft VS Code\bin;C:\Program Files\avr8-gnu-toolchain\bin;C:\Program Files (x86)\GnuWin32\bin;C:\Program Files\avrdude;C:\Users\KAMILOT\.dotnet\tools
USERNAME=KAMILOT
OS=Windows_NT
PROCESSOR_IDENTIFIER=AMD64 Family 23 Model 1 Stepping 1, AuthenticAMD



---------------  S Y S T E M  ---------------

OS: Windows 10.0 , 64 bit Build 19041 (10.0.19041.1202)

CPU:total 16 (initial active 16) (16 cores per cpu, 1 threads per core) family 23 model 1 stepping 1, cmov, cx8, fxsr, mmx, sse, sse2, sse3, ssse3, sse4.1, sse4.2, popcnt, avx, avx2, aes, clmul, mmxext, 3dnowpref, lzcnt, sse4a, tsc, tscinvbit, tscinv, bmi1

Memory: 4k page, physical 25096904k(15774932k free), swap 31650504k(17387844k free)

vm_info: Java HotSpot(TM) 64-Bit Server VM (25.261-b12) for windows-amd64 JRE (1.8.0_261-b12), built on Jun 18 2020 06:56:32 by "" with unknown MS VC++:1916

time: Sat Sep 25 03:02:51 2021
timezone: Russia TZ 2 Standard Time
elapsed time: 2 seconds (0d 0h 0m 2s)

